Heap:
 PSYoungGen      total 92672K, used 60892K [0x0000000780b00000, 0x0000000787980000, 0x00000007c0000000)
  eden space 85504K, 62% used [0x0000000780b00000,0x0000000783f85728,0x0000000785e80000)
  from space 7168K, 99% used [0x0000000787280000,0x0000000787971ae8,0x0000000787980000)
  to   space 7680K, 0% used [0x0000000786a80000,0x0000000786a80000,0x0000000787200000)
 ParOldGen       total 70144K, used 5470K [0x0000000702000000, 0x0000000706480000, 0x0000000780b00000)
  object space 70144K, 7% used [0x0000000702000000,0x0000000702557b40,0x0000000706480000)
 Metaspace       used 32317K, capacity 34058K, committed 34304K, reserved 1079296K
  class space    used 4242K, capacity 4542K, committed 4608K, reserved 1048576K
GC Heap History (10 events):
Event: 0.733 GC heap before
{Heap before GC invocations=1 (full 0):
 PSYoungGen      total 56832K, used 49152K [0x0000000780b00000, 0x0000000784a00000, 0x00000007c0000000)
  eden space 49152K, 100% used [0x0000000780b00000,0x0000000783b00000,0x0000000783b00000)
  from space 7680K, 0% used [0x0000000784280000,0x0000000784280000,0x0000000784a00000)
  to   space 7680K, 0% used [0x0000000783b00000,0x0000000783b00000,0x0000000784280000)
 ParOldGen       total 130048K, used 0K [0x0000000702000000, 0x0000000709f00000, 0x0000000780b00000)
  object space 130048K, 0% used [0x0000000702000000,0x0000000702000000,0x0000000709f00000)
 Metaspace       used 12588K, capacity 13078K, committed 13440K, reserved 1060864K
  class space    used 1664K, capacity 1794K, committed 1920K, reserved 1048576K
Event: 0.737 GC heap after
Heap after GC invocations=1 (full 0):
 PSYoungGen      total 56832K, used 7472K [0x0000000780b00000, 0x0000000784a00000, 0x00000007c0000000)
  eden space 49152K, 0% used [0x0000000780b00000,0x0000000780b00000,0x0000000783b00000)
  from space 7680K, 97% used [0x0000000783b00000,0x000000078424c280,0x0000000784280000)
  to   space 7680K, 0% used [0x0000000784280000,0x0000000784280000,0x0000000784a00000)
 ParOldGen       total 130048K, used 16K [0x0000000702000000, 0x0000000709f00000, 0x0000000780b00000)
  object space 130048K, 0% used [0x0000000702000000,0x0000000702004000,0x0000000709f00000)
 Metaspace       used 12588K, capacity 13078K, committed 13440K, reserved 1060864K
  class space    used 1664K, capacity 1794K, committed 1920K, reserved 1048576K
}
Event: 0.926 GC heap before
{Heap before GC invocations=2 (full 0):
 PSYoungGen      total 56832K, used 56624K [0x0000000780b00000, 0x0000000784a00000, 0x00000007c0000000)
  eden space 49152K, 100% used [0x0000000780b00000,0x0000000783b00000,0x0000000783b00000)
  from space 7680K, 97% used [0x0000000783b00000,0x000000078424c280,0x0000000784280000)
  to   space 7680K, 0% used [0x0000000784280000,0x0000000784280000,0x0000000784a00000)
 ParOldGen       total 130048K, used 16K [0x0000000702000000, 0x0000000709f00000, 0x0000000780b00000)
  object space 130048K, 0% used [0x0000000702000000,0x0000000702004000,0x0000000709f00000)
 Metaspace       used 20092K, capacity 20780K, committed 21120K, reserved 1067008K
  class space    used 2642K, capacity 2825K, committed 2944K, reserved 1048576K
Event: 0.932 GC heap after
Heap after GC invocations=2 (full 0):
 PSYoungGen      total 56832K, used 7663K [0x0000000780b00000, 0x0000000787a00000, 0x00000007c0000000)
  eden space 49152K, 0% used [0x0000000780b00000,0x0000000780b00000,0x0000000783b00000)
  from space 7680K, 99% used [0x0000000784280000,0x00000007849fbc98,0x0000000784a00000)
  to   space 7680K, 0% used [0x0000000783b00000,0x0000000783b00000,0x0000000784280000)
 ParOldGen       total 130048K, used 3522K [0x0000000702000000, 0x0000000709f00000, 0x0000000780b00000)
  object space 130048K, 2% used [0x0000000702000000,0x0000000702370a10,0x0000000709f00000)
 Metaspace       used 20092K, capacity 20780K, committed 21120K, reserved 1067008K
  class space    used 2642K, capacity 2825K, committed 2944K, reserved 1048576K
}
Event: 0.950 GC heap before
{Heap before GC invocations=3 (full 0):
 PSYoungGen      total 56832K, used 14755K [0x0000000780b00000, 0x0000000787a00000, 0x00000007c0000000)
  eden space 49152K, 14% used [0x0000000780b00000,0x00000007811ed2d0,0x0000000783b00000)
  from space 7680K, 99% used [0x0000000784280000,0x00000007849fbc98,0x0000000784a00000)
  to   space 7680K, 0% used [0x0000000783b00000,0x0000000783b00000,0x0000000784280000)
 ParOldGen       total 130048K, used 3522K [0x0000000702000000, 0x0000000709f00000, 0x0000000780b00000)
  object space 130048K, 2% used [0x0000000702000000,0x0000000702370a10,0x0000000709f00000)
 Metaspace       used 20557K, capacity 21180K, committed 21296K, reserved 1067008K
  class space    used 2714K, capacity 2875K, committed 2944K, reserved 1048576K
Event: 0.952 GC heap after
Heap after GC invocations=3 (full 0):
 PSYoungGen      total 56832K, used 5193K [0x0000000780b00000, 0x0000000787a00000, 0x00000007c0000000)
  eden space 49152K, 0% used [0x0000000780b00000,0x0000000780b00000,0x0000000783b00000)
  from space 7680K, 67% used [0x0000000783b00000,0x00000007840127c8,0x0000000784280000)
  to   space 7680K, 0% used [0x0000000787280000,0x0000000787280000,0x0000000787a00000)
 ParOldGen       total 130048K, used 3530K [0x0000000702000000, 0x0000000709f00000, 0x0000000780b00000)
  object space 130048K, 2% used [0x0000000702000000,0x0000000702372a10,0x0000000709f00000)
 Metaspace       used 20557K, capacity 21180K, committed 21296K, reserved 1067008K
  class space    used 2714K, capacity 2875K, committed 2944K, reserved 1048576K
}
Event: 0.952 GC heap before
{Heap before GC invocations=4 (full 1):
 PSYoungGen      total 56832K, used 5193K [0x0000000780b00000, 0x0000000787a00000, 0x00000007c0000000)
  eden space 49152K, 0% used [0x0000000780b00000,0x0000000780b00000,0x0000000783b00000)
  from space 7680K, 67% used [0x0000000783b00000,0x00000007840127c8,0x0000000784280000)
  to   space 7680K, 0% used [0x0000000787280000,0x0000000787280000,0x0000000787a00000)
 ParOldGen       total 130048K, used 3530K [0x0000000702000000, 0x0000000709f00000, 0x0000000780b00000)
  object space 130048K, 2% used [0x0000000702000000,0x0000000702372a10,0x0000000709f00000)
 Metaspace       used 20557K, capacity 21180K, committed 21296K, reserved 1067008K
  class space    used 2714K, capacity 2875K, committed 2944K, reserved 1048576K
Event: 0.965 GC heap after
Heap after GC invocations=4 (full 1):
 PSYoungGen      total 56832K, used 0K [0x0000000780b00000, 0x0000000787a00000, 0x00000007c0000000)
  eden space 49152K, 0% used [0x0000000780b00000,0x0000000780b00000,0x0000000783b00000)
  from space 7680K, 0% used [0x0000000783b00000,0x0000000783b00000,0x0000000784280000)
  to   space 7680K, 0% used [0x0000000787280000,0x0000000787280000,0x0000000787a00000)
 ParOldGen       total 70144K, used 5462K [0x0000000702000000, 0x0000000706480000, 0x0000000780b00000)
  object space 70144K, 7% used [0x0000000702000000,0x0000000702555b40,0x0000000706480000)
 Metaspace       used 20555K, capacity 21174K, committed 21296K, reserved 1067008K
  class space    used 2714K, capacity 2874K, committed 2944K, reserved 1048576K
}
Event: 1.462 GC heap before
{Heap before GC invocations=5 (full 1):
 PSYoungGen      total 56832K, used 49152K [0x0000000780b00000, 0x0000000787a00000, 0x00000007c0000000)
  eden space 49152K, 100% used [0x0000000780b00000,0x0000000783b00000,0x0000000783b00000)
  from space 7680K, 0% used [0x0000000783b00000,0x0000000783b00000,0x0000000784280000)
  to   space 7680K, 0% used [0x0000000787280000,0x0000000787280000,0x0000000787a00000)
 ParOldGen       total 70144K, used 5462K [0x0000000702000000, 0x0000000706480000, 0x0000000780b00000)
  object space 70144K, 7% used [0x0000000702000000,0x0000000702555b40,0x0000000706480000)
 Metaspace       used 25861K, capacity 27208K, committed 27264K, reserved 1073152K
  class space    used 3441K, capacity 3711K, committed 3712K, reserved 1048576K
Event: 1.466 GC heap after
Heap after GC invocations=5 (full 1):
 PSYoungGen      total 92672K, used 7110K [0x0000000780b00000, 0x0000000787980000, 0x00000007c0000000)
  eden space 85504K, 0% used [0x0000000780b00000,0x0000000780b00000,0x0000000785e80000)
  from space 7168K, 99% used [0x0000000787280000,0x0000000787971ae8,0x0000000787980000)
  to   space 7680K, 0% used [0x0000000786a80000,0x0000000786a80000,0x0000000787200000)
 ParOldGen       total 70144K, used 5470K [0x0000000702000000, 0x0000000706480000, 0x0000000780b00000)
  object space 70144K, 7% used [0x0000000702000000,0x0000000702557b40,0x0000000706480000)
 Metaspace       used 25861K, capacity 27208K, committed 27264K, reserved 1073152K
  class space    used 3441K, capacity 3711K, committed 3712K, reserved 1048576K
}

